<?xml version="1.0" encoding="utf-8" standalone="no"?>
<!--This file represents the results of running a test suite-->
<test-results name="C:\Users\JDT\Desktop\unit update\JDT.Calidus\calidus.nunit" total="29" errors="0" failures="0" not-run="0" inconclusive="0" ignored="0" skipped="0" invalid="0" date="2009-08-22" time="12:59:00">
  <environment nunit-version="2.5.2.9222" clr-version="2.0.50727.3074" os-version="Microsoft Windows NT 6.0.6001 Service Pack 1" platform="Win32NT" cwd="C:\Users\JDT\Desktop\unit update\JDT.Calidus" machine-name="METIS" user="JDT" user-domain="Metis" />
  <culture-info current-culture="nl-BE" current-uiculture="en-US" />
  <test-suite name="C:\Users\JDT\Desktop\unit update\JDT.Calidus\calidus.nunit" executed="True" success="True" time="0.234" asserts="0">
    <results>
      <test-suite name="C:\Users\JDT\Desktop\unit update\JDT.Calidus\bin\JDT.Calidus.Parsers.CocoTest.dll" executed="True" success="True" time="0.113" asserts="0">
        <results>
          <test-suite name="JDT" executed="True" success="True" time="0.110" asserts="0">
            <results>
              <test-suite name="Calidus" executed="True" success="True" time="0.106" asserts="0">
                <results>
                  <test-suite name="Parsers" executed="True" success="True" time="0.101" asserts="0">
                    <results>
                      <test-suite name="CocoTest" executed="True" success="True" time="0.097" asserts="0">
                        <results>
                          <test-suite name="CocoTokenConverterTest" executed="True" success="True" time="0.095" asserts="0">
                            <results>
                              <test-case name="JDT.Calidus.Parsers.CocoTest.CocoTokenConverterTest.BoolConstShouldReturnValueTypeToken" executed="True" success="True" time="0.051" asserts="1" />
                              <test-case name="JDT.Calidus.Parsers.CocoTest.CocoTokenConverterTest.ByteConstShouldReturnValueTypeToken" executed="True" success="True" time="0.000" asserts="1" />
                              <test-case name="JDT.Calidus.Parsers.CocoTest.CocoTokenConverterTest.CharConstShouldReturnValueTypeToken" executed="True" success="True" time="0.000" asserts="1" />
                              <test-case name="JDT.Calidus.Parsers.CocoTest.CocoTokenConverterTest.DecimalConstShouldReturnValueTypeToken" executed="True" success="True" time="0.000" asserts="1" />
                              <test-case name="JDT.Calidus.Parsers.CocoTest.CocoTokenConverterTest.DoubleConstShouldReturnValueTypeToken" executed="True" success="True" time="0.000" asserts="1" />
                              <test-case name="JDT.Calidus.Parsers.CocoTest.CocoTokenConverterTest.EnumConstShouldReturnValueTypeToken" executed="True" success="True" time="0.000" asserts="1" />
                              <test-case name="JDT.Calidus.Parsers.CocoTest.CocoTokenConverterTest.FloatConstShouldReturnValueTypeToken" executed="True" success="True" time="0.000" asserts="1" />
                              <test-case name="JDT.Calidus.Parsers.CocoTest.CocoTokenConverterTest.IdentConstShouldReturnIdentifierToken" executed="True" success="True" time="0.000" asserts="1" />
                              <test-case name="JDT.Calidus.Parsers.CocoTest.CocoTokenConverterTest.IntConstShouldReturnValueTypeToken" executed="True" success="True" time="0.001" asserts="1" />
                              <test-case name="JDT.Calidus.Parsers.CocoTest.CocoTokenConverterTest.LongConstShouldReturnValueTypeToken" executed="True" success="True" time="0.000" asserts="1" />
                              <test-case name="JDT.Calidus.Parsers.CocoTest.CocoTokenConverterTest.PrivateConstShouldReturnPrivateModifierToken" executed="True" success="True" time="0.000" asserts="1" />
                              <test-case name="JDT.Calidus.Parsers.CocoTest.CocoTokenConverterTest.ProtectedConstShouldReturnProtectedModifierToken" executed="True" success="True" time="0.000" asserts="1" />
                              <test-case name="JDT.Calidus.Parsers.CocoTest.CocoTokenConverterTest.PublicConstShouldReturnPublicModifierToken" executed="True" success="True" time="0.000" asserts="1" />
                              <test-case name="JDT.Calidus.Parsers.CocoTest.CocoTokenConverterTest.SByteConstShouldReturnValueTypeToken" executed="True" success="True" time="0.000" asserts="1" />
                              <test-case name="JDT.Calidus.Parsers.CocoTest.CocoTokenConverterTest.SemiColonConstShouldReturnSemiColonToken" executed="True" success="True" time="0.000" asserts="1" />
                              <test-case name="JDT.Calidus.Parsers.CocoTest.CocoTokenConverterTest.ShortConstShouldReturnValueTypeToken" executed="True" success="True" time="0.000" asserts="1" />
                              <test-case name="JDT.Calidus.Parsers.CocoTest.CocoTokenConverterTest.StructConstShouldReturnValueTypeToken" executed="True" success="True" time="0.000" asserts="1" />
                              <test-case name="JDT.Calidus.Parsers.CocoTest.CocoTokenConverterTest.ULongConstShouldReturnValueTypeToken" executed="True" success="True" time="0.001" asserts="1" />
                              <test-case name="JDT.Calidus.Parsers.CocoTest.CocoTokenConverterTest.UnitConstShouldReturnValueTypeToken" executed="True" success="True" time="0.000" asserts="1" />
                              <test-case name="JDT.Calidus.Parsers.CocoTest.CocoTokenConverterTest.UShortConstShouldReturnValueTypeToken" executed="True" success="True" time="0.000" asserts="1" />
                            </results>
                          </test-suite>
                        </results>
                      </test-suite>
                    </results>
                  </test-suite>
                </results>
              </test-suite>
            </results>
          </test-suite>
        </results>
      </test-suite>
      <test-suite name="C:\Users\JDT\Desktop\unit update\JDT.Calidus\bin\JDT.Calidus.ParsersTest.dll" executed="True" success="True" time="0.098" asserts="0">
        <results>
          <test-suite name="JDT" executed="True" success="True" time="0.098" asserts="0">
            <results>
              <test-suite name="Calidus" executed="True" success="True" time="0.098" asserts="0">
                <results>
                  <test-suite name="ParsersTest" executed="True" success="True" time="0.098" asserts="0">
                    <results>
                      <test-suite name="FormattingTokenParserTest" executed="True" success="True" time="0.050" asserts="0">
                        <results>
                          <test-case name="JDT.Calidus.ParsersTest.FormattingTokenParserTest.ParseSourceWithConsecutiveSpaceTokenShouldIncludeConsecutiveSpaceTokens" executed="True" success="True" time="0.040" asserts="3" />
                          <test-case name="JDT.Calidus.ParsersTest.FormattingTokenParserTest.ParseSourceWithConsecutiveTabTokenShouldIncludeConsecutiveTabTokens" executed="True" success="True" time="0.001" asserts="3" />
                          <test-case name="JDT.Calidus.ParsersTest.FormattingTokenParserTest.ParseSourceWithFiveNewLineShouldIncludeFiveNewLineTokens" executed="True" success="True" time="0.001" asserts="5" />
                          <test-case name="JDT.Calidus.ParsersTest.FormattingTokenParserTest.ParseSourceWithNewLineShouldIncludeNewLineToken" executed="True" success="True" time="0.000" asserts="1" />
                          <test-case name="JDT.Calidus.ParsersTest.FormattingTokenParserTest.ParseSourceWithSpaceTokenShouldIncludeSpaceTokens" executed="True" success="True" time="0.001" asserts="1" />
                          <test-case name="JDT.Calidus.ParsersTest.FormattingTokenParserTest.ParseSourceWithTabTokenShouldIncludeTabTokens" executed="True" success="True" time="0.001" asserts="1" />
                          <test-case name="JDT.Calidus.ParsersTest.FormattingTokenParserTest.ParseSourceWithTwoNewLineShouldIncludeTwoNewLineTokens" executed="True" success="True" time="0.001" asserts="2" />
                        </results>
                      </test-suite>
                      <test-suite name="TokenParserTest" executed="True" success="True" time="0.045" asserts="0">
                        <results>
                          <test-case name="JDT.Calidus.ParsersTest.TokenParserTest.ParsingShouldIncludeSpace" executed="True" success="True" time="0.043" asserts="4" />
                        </results>
                      </test-suite>
                    </results>
                  </test-suite>
                </results>
              </test-suite>
            </results>
          </test-suite>
        </results>
      </test-suite>
      <test-suite name="C:\Users\JDT\Desktop\unit update\JDT.Calidus\bin\JDT.Calidus.TokensTest.dll" executed="True" success="True" time="0.018" asserts="0">
        <results>
          <test-suite name="JDT" executed="True" success="True" time="0.018" asserts="0">
            <results>
              <test-suite name="Calidus" executed="True" success="True" time="0.018" asserts="0">
                <results>
                  <test-suite name="TokensTest" executed="True" success="True" time="0.003" asserts="0">
                    <results>
                      <test-suite name="TokenBaseTest" executed="True" success="True" time="0.002" asserts="0">
                        <results>
                          <test-case name="JDT.Calidus.TokensTest.TokenBaseTest.TokenBaseInheritorsShouldBeEqualWhenNotAddingAdditionalProperties" executed="True" success="True" time="0.001" asserts="1" />
                        </results>
                      </test-suite>
                    </results>
                  </test-suite>
                </results>
              </test-suite>
            </results>
          </test-suite>
        </results>
      </test-suite>
    </results>
  </test-suite>
</test-results>